{
  "stats": {
    "suites": 1,
    "tests": 1,
    "passes": 1,
    "pending": 0,
    "failures": 0,
    "start": "2023-11-15T16:14:52.386Z",
    "end": "2023-11-15T16:15:14.667Z",
    "duration": 22281,
    "testsRegistered": 1,
    "passPercent": 100,
    "pendingPercent": 0,
    "other": 0,
    "hasOther": false,
    "skipped": 0,
    "hasSkipped": false
  },
  "results": [
    {
      "uuid": "b17e6e70-6e13-4309-bfff-6305d3e80491",
      "title": "",
      "fullFile": "cypress\\e2e\\spec.cy.js",
      "file": "cypress\\e2e\\spec.cy.js",
      "beforeHooks": [],
      "afterHooks": [],
      "tests": [],
      "suites": [
        {
          "uuid": "c7ac4b3c-4b1d-4791-ab06-fc5b7682346b",
          "title": "template spec",
          "fullFile": "",
          "file": "",
          "beforeHooks": [],
          "afterHooks": [],
          "tests": [
            {
              "title": "add new user baru",
              "fullTitle": "template spec add new user baru",
              "timedOut": null,
              "duration": 12577,
              "state": "passed",
              "speed": "slow",
              "pass": true,
              "fail": false,
              "pending": false,
              "context": "\"../videos/spec.cy.js.mp4\"",
              "code": "//arrange\n//reset database by calling php artisan\ncy.exec(\"cd ../demo-app-cypress-automation && php artisan migrate:fresh --seed\");\ncy.visit('http://127.0.0.1:8000/');\n//act\ncy.get(':nth-child(2) > .form-control').type('superadmin@gmail.com');\ncy.get(':nth-child(3) > .form-control').type('password');\ncy.get('.btn').click();\ncy.visit('http://127.0.0.1:8000/user-management/user');\ncy.get('.card-header-action > .btn-icon').click();\ncy.get('#name').type('userBaru');\ncy.get('#email').type('userbaru@gmail.com');\ncy.get('#password').type('11111111');\ncy.get('.btn-primary').click();\n//assert\ncy.get('p').should('be.visible');\ncy.get('p').should('have.text', 'Data Berhasil Ditambahkan');\n//cy.get('.navbar-right > :nth-child(2) > .nav-link').click();\n//cy.get('.text-danger').click();",
              "err": {},
              "uuid": "7c0b908e-17b6-4421-aec6-3c7934c62dc2",
              "parentUUID": "c7ac4b3c-4b1d-4791-ab06-fc5b7682346b",
              "isHook": false,
              "skipped": false
            }
          ],
          "suites": [],
          "passes": [
            "7c0b908e-17b6-4421-aec6-3c7934c62dc2"
          ],
          "failures": [],
          "pending": [],
          "skipped": [],
          "duration": 12577,
          "root": false,
          "rootEmpty": false,
          "_timeout": 2000
        }
      ],
      "passes": [],
      "failures": [],
      "pending": [],
      "skipped": [],
      "duration": 0,
      "root": true,
      "rootEmpty": true,
      "_timeout": 2000
    }
  ],
  "meta": {
    "mocha": {
      "version": "7.0.1"
    },
    "mochawesome": {
      "options": {
        "quiet": false,
        "reportFilename": "[name].html",
        "saveHtml": true,
        "saveJson": true,
        "consoleReporter": "spec",
        "useInlineDiffs": false,
        "code": true
      },
      "version": "7.1.3"
    },
    "marge": {
      "options": {
        "useInlineDiffs": true,
        "embeddedScreenshots": true,
        "reportDir": "cypress/results",
        "reportFilename": "[name].html",
        "overwrite": true,
        "html": true,
        "json": true
      },
      "version": "6.2.0"
    }
  }
}