{
  "stats": {
    "suites": 1,
    "tests": 1,
    "passes": 1,
    "pending": 0,
    "failures": 0,
    "start": "2023-11-15T16:16:39.835Z",
    "end": "2023-11-15T16:16:48.448Z",
    "duration": 8613,
    "testsRegistered": 1,
    "passPercent": 100,
    "pendingPercent": 0,
    "other": 0,
    "hasOther": false,
    "skipped": 0,
    "hasSkipped": false
  },
  "results": [
    {
      "uuid": "f6fad784-c301-4af9-afe4-3953820c659d",
      "title": "",
      "fullFile": "cypress\\e2e\\user-can-login-than-logout.cy.js",
      "file": "cypress\\e2e\\user-can-login-than-logout.cy.js",
      "beforeHooks": [],
      "afterHooks": [],
      "tests": [],
      "suites": [
        {
          "uuid": "a9a3708d-4975-4a83-be9e-10b0eaf5f467",
          "title": "User Can Login then Logout",
          "fullFile": "",
          "file": "",
          "beforeHooks": [],
          "afterHooks": [],
          "tests": [
            {
              "title": "user can login than logout",
              "fullTitle": "User Can Login then Logout user can login than logout",
              "timedOut": null,
              "duration": 5940,
              "state": "passed",
              "speed": "medium",
              "pass": true,
              "fail": false,
              "pending": false,
              "context": "\"../videos/user-can-login-than-logout.cy.js.mp4\"",
              "code": "cy.visit('http://127.0.0.1:8000/');\n//cy.get('[data-id=\"email\"]').type('superadmin@gmail.com');\n//cy.get('[data-id=\"password\"]').type('password');\n//cy.get('[data-id=\"submit\"]').click();\n//cy.get('[data-id=\"username\"]').click();\n//cy.get('[data-id=\"logout-btn\"]').click();\n/* ==== Generated with Cypress Studio ==== */\ncy.get(':nth-child(2) > .form-control').type('superadmin@gmail.com');\ncy.get(':nth-child(3) > .form-control').type('password');\ncy.get('.btn').click();\ncy.get('.navbar-right > :nth-child(2) > .nav-link').click();\ncy.get('.text-danger').click();\n/* ==== End Cypress Studio ==== */",
              "err": {},
              "uuid": "0f45c522-899a-4daa-876d-5f39b160a44c",
              "parentUUID": "a9a3708d-4975-4a83-be9e-10b0eaf5f467",
              "isHook": false,
              "skipped": false
            }
          ],
          "suites": [],
          "passes": [
            "0f45c522-899a-4daa-876d-5f39b160a44c"
          ],
          "failures": [],
          "pending": [],
          "skipped": [],
          "duration": 5940,
          "root": false,
          "rootEmpty": false,
          "_timeout": 2000
        }
      ],
      "passes": [],
      "failures": [],
      "pending": [],
      "skipped": [],
      "duration": 0,
      "root": true,
      "rootEmpty": true,
      "_timeout": 2000
    }
  ],
  "meta": {
    "mocha": {
      "version": "7.0.1"
    },
    "mochawesome": {
      "options": {
        "quiet": false,
        "reportFilename": "[name].html",
        "saveHtml": true,
        "saveJson": true,
        "consoleReporter": "spec",
        "useInlineDiffs": false,
        "code": true
      },
      "version": "7.1.3"
    },
    "marge": {
      "options": {
        "useInlineDiffs": true,
        "embeddedScreenshots": true,
        "reportDir": "cypress/results",
        "reportFilename": "[name].html",
        "overwrite": true,
        "html": true,
        "json": true
      },
      "version": "6.2.0"
    }
  }
}