{
  "stats": {
    "suites": 1,
    "tests": 1,
    "passes": 1,
    "pending": 0,
    "failures": 0,
    "start": "2023-11-15T16:17:12.452Z",
    "end": "2023-11-15T16:17:16.852Z",
    "duration": 4400,
    "testsRegistered": 1,
    "passPercent": 100,
    "pendingPercent": 0,
    "other": 0,
    "hasOther": false,
    "skipped": 0,
    "hasSkipped": false
  },
  "results": [
    {
      "uuid": "6fe0d2f9-9a69-469b-8321-bea65a22a461",
      "title": "",
      "fullFile": "cypress\\e2e\\user-can-open-login-page.cy.js",
      "file": "cypress\\e2e\\user-can-open-login-page.cy.js",
      "beforeHooks": [],
      "afterHooks": [],
      "tests": [],
      "suites": [
        {
          "uuid": "a4873dba-7fc2-40ba-bbe9-4d7b804d083d",
          "title": "User Can Open Login Page",
          "fullFile": "",
          "file": "",
          "beforeHooks": [],
          "afterHooks": [],
          "tests": [
            {
              "title": "user can open login page",
              "fullTitle": "User Can Open Login Page user can open login page",
              "timedOut": null,
              "duration": 2120,
              "state": "passed",
              "speed": "fast",
              "pass": true,
              "fail": false,
              "pending": false,
              "context": "\"../videos/user-can-open-login-page.cy.js.mp4\"",
              "code": "cy.visit('http://127.0.0.1:8000/');",
              "err": {},
              "uuid": "37e41eb4-bc21-4d7a-a33a-ff71b66a6367",
              "parentUUID": "a4873dba-7fc2-40ba-bbe9-4d7b804d083d",
              "isHook": false,
              "skipped": false
            }
          ],
          "suites": [],
          "passes": [
            "37e41eb4-bc21-4d7a-a33a-ff71b66a6367"
          ],
          "failures": [],
          "pending": [],
          "skipped": [],
          "duration": 2120,
          "root": false,
          "rootEmpty": false,
          "_timeout": 2000
        }
      ],
      "passes": [],
      "failures": [],
      "pending": [],
      "skipped": [],
      "duration": 0,
      "root": true,
      "rootEmpty": true,
      "_timeout": 2000
    }
  ],
  "meta": {
    "mocha": {
      "version": "7.0.1"
    },
    "mochawesome": {
      "options": {
        "quiet": false,
        "reportFilename": "[name].html",
        "saveHtml": true,
        "saveJson": true,
        "consoleReporter": "spec",
        "useInlineDiffs": false,
        "code": true
      },
      "version": "7.1.3"
    },
    "marge": {
      "options": {
        "useInlineDiffs": true,
        "embeddedScreenshots": true,
        "reportDir": "cypress/results",
        "reportFilename": "[name].html",
        "overwrite": true,
        "html": true,
        "json": true
      },
      "version": "6.2.0"
    }
  }
}