{
  "stats": {
    "suites": 1,
    "tests": 3,
    "passes": 3,
    "pending": 0,
    "failures": 0,
    "start": "2023-11-15T16:15:17.500Z",
    "end": "2023-11-15T16:15:57.332Z",
    "duration": 39832,
    "testsRegistered": 3,
    "passPercent": 100,
    "pendingPercent": 0,
    "other": 0,
    "hasOther": false,
    "skipped": 0,
    "hasSkipped": false
  },
  "results": [
    {
      "uuid": "d7ecb46a-4802-42e3-a15b-968fb1778df3",
      "title": "",
      "fullFile": "cypress\\e2e\\user-can-create-new-user.cy.js",
      "file": "cypress\\e2e\\user-can-create-new-user.cy.js",
      "beforeHooks": [],
      "afterHooks": [],
      "tests": [],
      "suites": [
        {
          "uuid": "24f64c5b-eacb-4dca-9f2f-7aff5797dc8a",
          "title": "User Can Create New User",
          "fullFile": "",
          "file": "",
          "beforeHooks": [],
          "afterHooks": [],
          "tests": [
            {
              "title": "user can create new user",
              "fullTitle": "User Can Create New User user can create new user",
              "timedOut": null,
              "duration": 13616,
              "state": "passed",
              "speed": "slow",
              "pass": true,
              "fail": false,
              "pending": false,
              "context": "\"../videos/user-can-create-new-user.cy.js.mp4\"",
              "code": "cy.get('#name').type('baru');\ncy.get('#email').type('baru@gmail.com');\ncy.get('#password').type('1234567890');\ncy.get('.btn-primary').click();\n//assert\ncy.get('p').should('be.visible');\ncy.get('p').should('have.text', 'Data Berhasil Ditambahkan');\ncy.get('.navbar-right > :nth-child(2) > .nav-link').click();\ncy.get('.text-danger').click();",
              "err": {},
              "uuid": "2d43d08f-6553-4284-8c7f-df931577650f",
              "parentUUID": "24f64c5b-eacb-4dca-9f2f-7aff5797dc8a",
              "isHook": false,
              "skipped": false
            },
            {
              "title": "user cant create new user because invalid email",
              "fullTitle": "User Can Create New User user cant create new user because invalid email",
              "timedOut": null,
              "duration": 11770,
              "state": "passed",
              "speed": "slow",
              "pass": true,
              "fail": false,
              "pending": false,
              "context": "\"../videos/user-can-create-new-user.cy.js.mp4\"",
              "code": "cy.get('#name').type('baru');\ncy.get('#email').type('baru');\ncy.get('#password').type('1234567890');\ncy.get('.btn-primary').click();\n//assert\ncy.get('.invalid-feedback').should('be.visible');\ncy.get('.invalid-feedback').should('contain', 'The email must be a valid email address.');\ncy.get('.invalid-feedback').should('have.class', 'invalid-feedback');\ncy.get('.nav-link > .d-sm-none').click();\ncy.get('.text-danger').click();",
              "err": {},
              "uuid": "33e93c09-71af-40d5-b6d2-c1b9c126a29a",
              "parentUUID": "24f64c5b-eacb-4dca-9f2f-7aff5797dc8a",
              "isHook": false,
              "skipped": false
            },
            {
              "title": "user cant create new user because name is required",
              "fullTitle": "User Can Create New User user cant create new user because name is required",
              "timedOut": null,
              "duration": 11590,
              "state": "passed",
              "speed": "slow",
              "pass": true,
              "fail": false,
              "pending": false,
              "context": "\"../videos/user-can-create-new-user.cy.js.mp4\"",
              "code": "cy.get('#email').type('baru@gmail.com');\ncy.get('#password').type('1234567890');\ncy.get('.btn-primary').click();\n//assert\ncy.get('.invalid-feedback').should('be.visible');\ncy.get('.invalid-feedback').should('contain', 'The name field is required.');\ncy.get('.invalid-feedback').should('have.class', 'invalid-feedback');\ncy.get('.nav-link > .d-sm-none').click();\ncy.get('.text-danger').click();",
              "err": {},
              "uuid": "58407c33-96be-4891-ae0e-c7b2b969df99",
              "parentUUID": "24f64c5b-eacb-4dca-9f2f-7aff5797dc8a",
              "isHook": false,
              "skipped": false
            }
          ],
          "suites": [],
          "passes": [
            "2d43d08f-6553-4284-8c7f-df931577650f",
            "33e93c09-71af-40d5-b6d2-c1b9c126a29a",
            "58407c33-96be-4891-ae0e-c7b2b969df99"
          ],
          "failures": [],
          "pending": [],
          "skipped": [],
          "duration": 36976,
          "root": false,
          "rootEmpty": false,
          "_timeout": 2000
        }
      ],
      "passes": [],
      "failures": [],
      "pending": [],
      "skipped": [],
      "duration": 0,
      "root": true,
      "rootEmpty": true,
      "_timeout": 2000
    }
  ],
  "meta": {
    "mocha": {
      "version": "7.0.1"
    },
    "mochawesome": {
      "options": {
        "quiet": false,
        "reportFilename": "[name].html",
        "saveHtml": true,
        "saveJson": true,
        "consoleReporter": "spec",
        "useInlineDiffs": false,
        "code": true
      },
      "version": "7.1.3"
    },
    "marge": {
      "options": {
        "useInlineDiffs": true,
        "embeddedScreenshots": true,
        "reportDir": "cypress/results",
        "reportFilename": "[name].html",
        "overwrite": true,
        "html": true,
        "json": true
      },
      "version": "6.2.0"
    }
  }
}