{
  "stats": {
    "suites": 1,
    "tests": 1,
    "passes": 1,
    "pending": 0,
    "failures": 0,
    "start": "2023-11-15T16:16:51.305Z",
    "end": "2023-11-15T16:16:58.402Z",
    "duration": 7097,
    "testsRegistered": 1,
    "passPercent": 100,
    "pendingPercent": 0,
    "other": 0,
    "hasOther": false,
    "skipped": 0,
    "hasSkipped": false
  },
  "results": [
    {
      "uuid": "bd238730-5e0b-48d7-a375-7962932b42cc",
      "title": "",
      "fullFile": "cypress\\e2e\\user-can-login.cy.js",
      "file": "cypress\\e2e\\user-can-login.cy.js",
      "beforeHooks": [],
      "afterHooks": [],
      "tests": [],
      "suites": [
        {
          "uuid": "3dad0d1b-cc59-4b06-86f2-1faf5a1d7c44",
          "title": "User Can Login to System",
          "fullFile": "",
          "file": "",
          "beforeHooks": [],
          "afterHooks": [],
          "tests": [
            {
              "title": "user cant login with invalid username and invalid password",
              "fullTitle": "User Can Login to System user cant login with invalid username and invalid password",
              "timedOut": null,
              "duration": 4288,
              "state": "passed",
              "speed": "fast",
              "pass": true,
              "fail": false,
              "pending": false,
              "context": "\"../videos/user-can-login.cy.js.mp4\"",
              "code": "//arrange\ncy.visit('http://localhost:8000/');\n//act\ncy.get(':nth-child(2) > .form-control').type('superadminsalah@gmail.com');\ncy.get(':nth-child(3) > .form-control').type('password-salah');\ncy.get('.btn').click();\n//assert\ncy.get('.invalid-feedback').should('have.text', 'These credentials do not match our records.');",
              "err": {},
              "uuid": "9b060c08-724e-4c1f-a9f1-8ddc12a99264",
              "parentUUID": "3dad0d1b-cc59-4b06-86f2-1faf5a1d7c44",
              "isHook": false,
              "skipped": false
            }
          ],
          "suites": [],
          "passes": [
            "9b060c08-724e-4c1f-a9f1-8ddc12a99264"
          ],
          "failures": [],
          "pending": [],
          "skipped": [],
          "duration": 4288,
          "root": false,
          "rootEmpty": false,
          "_timeout": 2000
        }
      ],
      "passes": [],
      "failures": [],
      "pending": [],
      "skipped": [],
      "duration": 0,
      "root": true,
      "rootEmpty": true,
      "_timeout": 2000
    }
  ],
  "meta": {
    "mocha": {
      "version": "7.0.1"
    },
    "mochawesome": {
      "options": {
        "quiet": false,
        "reportFilename": "[name].html",
        "saveHtml": true,
        "saveJson": true,
        "consoleReporter": "spec",
        "useInlineDiffs": false,
        "code": true
      },
      "version": "7.1.3"
    },
    "marge": {
      "options": {
        "useInlineDiffs": true,
        "embeddedScreenshots": true,
        "reportDir": "cypress/results",
        "reportFilename": "[name].html",
        "overwrite": true,
        "html": true,
        "json": true
      },
      "version": "6.2.0"
    }
  }
}