{
  "stats": {
    "suites": 1,
    "tests": 1,
    "passes": 1,
    "pending": 0,
    "failures": 0,
    "start": "2023-11-15T16:16:19.479Z",
    "end": "2023-11-15T16:16:36.864Z",
    "duration": 17385,
    "testsRegistered": 1,
    "passPercent": 100,
    "pendingPercent": 0,
    "other": 0,
    "hasOther": false,
    "skipped": 0,
    "hasSkipped": false
  },
  "results": [
    {
      "uuid": "bdf2dfa4-699e-4645-9fff-af192d66424f",
      "title": "",
      "fullFile": "cypress\\e2e\\user-can-edit-existing-data.cy.js",
      "file": "cypress\\e2e\\user-can-edit-existing-data.cy.js",
      "beforeHooks": [],
      "afterHooks": [],
      "tests": [],
      "suites": [
        {
          "uuid": "607ba0ab-673d-4579-be08-3a2ade56f260",
          "title": "User Can Edit Existing Data",
          "fullFile": "",
          "file": "",
          "beforeHooks": [],
          "afterHooks": [],
          "tests": [
            {
              "title": "user cant edit data with all blank field",
              "fullTitle": "User Can Edit Existing Data user cant edit data with all blank field",
              "timedOut": null,
              "duration": 11423,
              "state": "passed",
              "speed": "slow",
              "pass": true,
              "fail": false,
              "pending": false,
              "context": "\"../videos/user-can-edit-existing-data.cy.js.mp4\"",
              "code": "cy.get('.table td').contains('user').parent().find('a').contains('Edit').click();\ncy.get('#name').clear('user ');\ncy.get('#email').clear('user ');\ncy.get('.btn-primary').contains('Submit').click();\ncy.get('#name').next().should('be.visible').and('have.class', 'invalid-feedback').and('contain', 'The name field is required.');\ncy.get('#email').next().should('be.visible').and('have.class', 'invalid-feedback').and('contain', 'The email field is required.');",
              "err": {},
              "uuid": "3bec975b-e884-498d-8adf-7706dc9fcb48",
              "parentUUID": "607ba0ab-673d-4579-be08-3a2ade56f260",
              "isHook": false,
              "skipped": false
            }
          ],
          "suites": [],
          "passes": [
            "3bec975b-e884-498d-8adf-7706dc9fcb48"
          ],
          "failures": [],
          "pending": [],
          "skipped": [],
          "duration": 11423,
          "root": false,
          "rootEmpty": false,
          "_timeout": 2000
        }
      ],
      "passes": [],
      "failures": [],
      "pending": [],
      "skipped": [],
      "duration": 0,
      "root": true,
      "rootEmpty": true,
      "_timeout": 2000
    }
  ],
  "meta": {
    "mocha": {
      "version": "7.0.1"
    },
    "mochawesome": {
      "options": {
        "quiet": false,
        "reportFilename": "[name].html",
        "saveHtml": true,
        "saveJson": true,
        "consoleReporter": "spec",
        "useInlineDiffs": false,
        "code": true
      },
      "version": "7.1.3"
    },
    "marge": {
      "options": {
        "useInlineDiffs": true,
        "embeddedScreenshots": true,
        "reportDir": "cypress/results",
        "reportFilename": "[name].html",
        "overwrite": true,
        "html": true,
        "json": true
      },
      "version": "6.2.0"
    }
  }
}