{
  "stats": {
    "suites": 1,
    "tests": 1,
    "passes": 1,
    "pending": 0,
    "failures": 0,
    "start": "2023-11-15T15:37:28.508Z",
    "end": "2023-11-15T15:37:36.380Z",
    "duration": 7872,
    "testsRegistered": 1,
    "passPercent": 100,
    "pendingPercent": 0,
    "other": 0,
    "hasOther": false,
    "skipped": 0,
    "hasSkipped": false
  },
  "results": [
    {
      "uuid": "b69250ba-553a-4ae3-84ac-47f2098d940f",
      "title": "",
      "fullFile": "cypress\\e2e\\user-can-login.cy.js",
      "file": "cypress\\e2e\\user-can-login.cy.js",
      "beforeHooks": [],
      "afterHooks": [],
      "tests": [],
      "suites": [
        {
          "uuid": "7421b959-2266-43a4-8149-0f163ece608c",
          "title": "User Can Login to System",
          "fullFile": "",
          "file": "",
          "beforeHooks": [],
          "afterHooks": [],
          "tests": [
            {
              "title": "user cant login with invalid username and invalid password",
              "fullTitle": "User Can Login to System user cant login with invalid username and invalid password",
              "timedOut": null,
              "duration": 5181,
              "state": "passed",
              "speed": "medium",
              "pass": true,
              "fail": false,
              "pending": false,
              "context": null,
              "code": "//arrange\ncy.visit('http://localhost:8000/');\n//act\ncy.get(':nth-child(2) > .form-control').type('superadminsalah@gmail.com');\ncy.get(':nth-child(3) > .form-control').type('password-salah');\ncy.get('.btn').click();\n//assert\ncy.get('.invalid-feedback').should('have.text', 'These credentials do not match our records.');",
              "err": {},
              "uuid": "765e2422-ae3b-4a22-9ea8-e107096b8fa9",
              "parentUUID": "7421b959-2266-43a4-8149-0f163ece608c",
              "isHook": false,
              "skipped": false
            }
          ],
          "suites": [],
          "passes": [
            "765e2422-ae3b-4a22-9ea8-e107096b8fa9"
          ],
          "failures": [],
          "pending": [],
          "skipped": [],
          "duration": 5181,
          "root": false,
          "rootEmpty": false,
          "_timeout": 2000
        }
      ],
      "passes": [],
      "failures": [],
      "pending": [],
      "skipped": [],
      "duration": 0,
      "root": true,
      "rootEmpty": true,
      "_timeout": 2000
    }
  ],
  "meta": {
    "mocha": {
      "version": "7.0.1"
    },
    "mochawesome": {
      "options": {
        "quiet": false,
        "reportFilename": "mochawesome",
        "saveHtml": true,
        "saveJson": true,
        "consoleReporter": "spec",
        "useInlineDiffs": false,
        "code": true
      },
      "version": "7.1.3"
    },
    "marge": {
      "options": null,
      "version": "6.2.0"
    }
  }
}